{"C:\\Users\\aguaf\\OneDrive\\Documents\\buwebdev\\web-340\\week-3\\favorite-composers\\src\\composer.js": {"path":"C:\\Users\\aguaf\\OneDrive\\Documents\\buwebdev\\web-340\\week-3\\favorite-composers\\src\\composer.js","statementMap":{"0":{"start":{"line":3,"column":18},"end":{"line":24,"column":1}},"1":{"start":{"line":26,"column":2},"end":{"line":26,"column":19}},"2":{"start":{"line":29,"column":2},"end":{"line":29,"column":52}},"3":{"start":{"line":30,"column":2},"end":{"line":34,"column":3}},"4":{"start":{"line":31,"column":4},"end":{"line":33,"column":5}},"5":{"start":{"line":32,"column":6},"end":{"line":32,"column":22}},"6":{"start":{"line":36,"column":0},"end":{"line":39,"column":2}}},"fnMap":{"0":{"name":"getComposers","decl":{"start":{"line":25,"column":9},"end":{"line":25,"column":21}},"loc":{"start":{"line":25,"column":24},"end":{"line":27,"column":1}},"line":25},"1":{"name":"getComposerByLastName","decl":{"start":{"line":28,"column":9},"end":{"line":28,"column":30}},"loc":{"start":{"line":28,"column":41},"end":{"line":35,"column":1}},"line":28}},"branchMap":{"0":{"loc":{"start":{"line":31,"column":4},"end":{"line":33,"column":5}},"type":"if","locations":[{"start":{"line":31,"column":4},"end":{"line":33,"column":5}},{"start":{},"end":{}}],"line":31}},"s":{"0":1,"1":1,"2":1,"3":1,"4":1,"5":1,"6":1},"f":{"0":1,"1":1},"b":{"0":[1,0]},"_coverageSchema":"1a1c01bbd47fc00a2c39e90264f33305004495a9","hash":"c9a08680c2f5c10d55ee6b9188bc977de32a67cf"}
}
